drone_source(an_studio)/build/outputs/logs/manifest-merger-release-report.txt
-- Merging decision tree log ---
manifest
ADDED from Desktop\drone_source(an_studio)\AndroidManifest.xml:17:1-50:12
	package
		ADDED from Desktop\drone_source(an_studio)\AndroidManifest.xml:18:11-42
	android:versionName
		ADDED from Desktop\drone_source(an_studio)\AndroidManifest.xml:20:11-36
		INJECTED from Desktop\drone_source(an_studio)\AndroidManifest.xml
		INJECTED from Desktop\drone_source(an_studio)\AndroidManifest.xml
	android:versionCode
		ADDED from Desktop\drone_source(an_studio)\AndroidManifest.xml:19:11-34
		INJECTED from Desktop\drone_source(an_studio)\AndroidManifest.xml
		INJECTED from Desktop\drone_source(an_studio)\AndroidManifest.xml
	xmlns:android
		ADDED from Desktop\drone_source(an_studio)\AndroidManifest.xml:17:11-69
uses-sdk
ADDED from Desktop\drone_source(an_studio)\AndroidManifest.xml:21:5-22:46
MERGED from [com.android.support:support-v4:28.0.0] AndroidManifest.xml:20:5-44
MERGED from [com.android.support:support-media-compat:28.0.0] AndroidManifest.xml:20:5-44
MERGED from [com.android.support:appcompat-v7:28.0.0] AndroidManifest.xml:20:5-44
MERGED from [com.android.support:support-fragment:28.0.0] AndroidManifest.xml:20:5-44
MERGED from [com.android.support:animated-vector-drawable:28.0.0] AndroidManifest.xml:20:5-44
MERGED from [com.android.support:support-vector-drawable:28.0.0] AndroidManifest.xml:20:5-44
MERGED from [com.android.support:support-core-ui:28.0.0] AndroidManifest.xml:20:5-44
MERGED from [com.android.support:support-core-utils:28.0.0] AndroidManifest.xml:20:5-44
MERGED from [com.android.support:documentfile:28.0.0] AndroidManifest.xml:20:5-44
MERGED from [com.android.support:loader:28.0.0] AndroidManifest.xml:20:5-44
MERGED from [android.arch.lifecycle:livedata:1.1.1] AndroidManifest.xml:20:5-44
MERGED from [android.arch.lifecycle:livedata-core:1.1.1] AndroidManifest.xml:20:5-44
MERGED from [android.arch.core:runtime:1.1.1] AndroidManifest.xml:20:5-44
MERGED from [android.arch.lifecycle:viewmodel:1.1.1] AndroidManifest.xml:20:5-44
MERGED from [com.android.support:localbroadcastmanager:28.0.0] AndroidManifest.xml:20:5-44
MERGED from [com.android.support:print:28.0.0] AndroidManifest.xml:20:5-44
MERGED from [com.android.support:viewpager:28.0.0] AndroidManifest.xml:20:5-44
MERGED from [com.android.support:coordinatorlayout:28.0.0] AndroidManifest.xml:20:5-44
MERGED from [com.android.support:drawerlayout:28.0.0] AndroidManifest.xml:20:5-44
MERGED from [com.android.support:slidingpanelayout:28.0.0] AndroidManifest.xml:20:5-44
MERGED from [com.android.support:customview:28.0.0] AndroidManifest.xml:20:5-44
MERGED from [com.android.support:swiperefreshlayout:28.0.0] AndroidManifest.xml:20:5-44
MERGED from [com.android.support:interpolator:28.0.0] AndroidManifest.xml:20:5-44
MERGED from [com.android.support:asynclayoutinflater:28.0.0] AndroidManifest.xml:20:5-44
MERGED from [com.android.support:support-compat:28.0.0] AndroidManifest.xml:20:5-44
MERGED from [android.arch.lifecycle:runtime:1.1.1] AndroidManifest.xml:20:5-44
MERGED from [com.android.support:versionedparcelable:28.0.0] AndroidManifest.xml:20:5-44
MERGED from [com.android.support:cursoradapter:28.0.0] AndroidManifest.xml:20:5-44
	android:targetSdkVersion
		ADDED from Desktop\drone_source(an_studio)\AndroidManifest.xml:22:15-44
	android:minSdkVersion
		ADDED from Desktop\drone_source(an_studio)\AndroidManifest.xml:21:15-41
uses-feature#android.hardware.bluetooth_le
ADDED from Desktop\drone_source(an_studio)\AndroidManifest.xml:27:5-89
	android:required
		ADDED from Desktop\drone_source(an_studio)\AndroidManifest.xml:27:64-87
	android:name
		ADDED from Desktop\drone_source(an_studio)\AndroidManifest.xml:27:19-63
uses-permission#android.permission.BLUETOOTH
ADDED from Desktop\drone_source(an_studio)\AndroidManifest.xml:29:5-67
	android:name
		ADDED from Desktop\drone_source(an_studio)\AndroidManifest.xml:29:22-65
uses-permission#android.permission.BLUETOOTH_ADMIN
ADDED from Desktop\drone_source(an_studio)\AndroidManifest.xml:30:5-73
	android:name
		ADDED from Desktop\drone_source(an_studio)\AndroidManifest.xml:30:22-71
uses-permission#android.permission.INTERNET
ADDED from Desktop\drone_source(an_studio)\AndroidManifest.xml:31:5-66
	android:name
		ADDED from Desktop\drone_source(an_studio)\AndroidManifest.xml:31:22-64
uses-permission#android.permission.RECORD_AUDIO
ADDED from Desktop\drone_source(an_studio)\AndroidManifest.xml:32:5-70
	android:name
		ADDED from Desktop\drone_source(an_studio)\AndroidManifest.xml:32:22-68
application
ADDED from Desktop\drone_source(an_studio)\AndroidManifest.xml:34:5-49:19
MERGED from [com.android.support:support-compat:28.0.0] AndroidManifest.xml:22:5-94
MERGED from [com.android.support:versionedparcelable:28.0.0] AndroidManifest.xml:22:5-23:19
	android:label
		ADDED from Desktop\drone_source(an_studio)\AndroidManifest.xml:34:18-50
	android:appComponentFactory
		ADDED from [com.android.support:support-compat:28.0.0] AndroidManifest.xml:22:18-91
	android:icon
		ADDED from Desktop\drone_source(an_studio)\AndroidManifest.xml:35:18-54
	android:theme
		ADDED from Desktop\drone_source(an_studio)\AndroidManifest.xml:36:18-65
activity#com.bdrone.controller.DeviceScanActivity
ADDED from Desktop\drone_source(an_studio)\AndroidManifest.xml:37:9-43:20
	android:label
		ADDED from Desktop\drone_source(an_studio)\AndroidManifest.xml:38:19-51
	android:name
		ADDED from Desktop\drone_source(an_studio)\AndroidManifest.xml:37:19-74
intent-filter#android.intent.action.MAIN+android.intent.category.LAUNCHER
ADDED from Desktop\drone_source(an_studio)\AndroidManifest.xml:39:13-42:29
action#android.intent.action.MAIN
ADDED from Desktop\drone_source(an_studio)\AndroidManifest.xml:40:17-68
	android:name
		ADDED from Desktop\drone_source(an_studio)\AndroidManifest.xml:40:25-66
category#android.intent.category.LAUNCHER
ADDED from Desktop\drone_source(an_studio)\AndroidManifest.xml:41:17-76
	android:name
		ADDED from Desktop\drone_source(an_studio)\AndroidManifest.xml:41:27-74
activity#com.bdrone.controller.DeviceControlActivity
ADDED from Desktop\drone_source(an_studio)\AndroidManifest.xml:44:9-46:11
	android:screenOrientation
		ADDED from Desktop\drone_source(an_studio)\AndroidManifest.xml:45:13-49
	android:name
		ADDED from Desktop\drone_source(an_studio)\AndroidManifest.xml:44:19-77
service#com.bdrone.controller.BluetoothLeService
ADDED from Desktop\drone_source(an_studio)\AndroidManifest.xml:47:9-98
	android:enabled
		ADDED from Desktop\drone_source(an_studio)\AndroidManifest.xml:47:74-96
	android:name
		ADDED from Desktop\drone_source(an_studio)\AndroidManifest.xml:47:18-73
activity#com.bdrone.controller.SplashActivity
ADDED from Desktop\drone_source(an_studio)\AndroidManifest.xml:48:9-125
	android:theme
		ADDED from Desktop\drone_source(an_studio)\AndroidManifest.xml:48:49-113
	android:name
		ADDED from Desktop\drone_source(an_studio)\AndroidManifest.xml:48:19-48